C:\Program Files (x86)\MSBuild\Microsoft.Cpp\v4.0\V140\Microsoft.CppBuild.targets(367,5): warning MSB8004: Intermediate Directory does not end with a trailing slash.  This build instance will add the slash as it is required to allow proper evaluation of the Intermediate Directory.
C:\Program Files (x86)\MSBuild\Microsoft.Cpp\v4.0\V140\Microsoft.CppBuild.targets(368,5): warning MSB8004: Output Directory does not end with a trailing slash.  This build instance will add the slash as it is required to allow proper evaluation of the Output Directory.
  text2D.cpp
C:\Program Files (x86)\Microsoft Visual Studio 14.0\VC\include\vector(1604): warning C4530: C++ exception handler used, but unwind semantics are not enabled. Specify /EHsc
  C:\Program Files (x86)\Microsoft Visual Studio 14.0\VC\include\vector(1601): note: while compiling class template member function 'void std::vector<glm::vec2,std::allocator<_Ty>>::_Reallocate(unsigned int)'
          with
          [
              _Ty=glm::vec2
          ]
  C:\Program Files (x86)\Microsoft Visual Studio 14.0\VC\include\vector(1631): note: see reference to function template instantiation 'void std::vector<glm::vec2,std::allocator<_Ty>>::_Reallocate(unsigned int)' being compiled
          with
          [
              _Ty=glm::vec2
          ]
  F:\Downloads\Aula\CG\CG_UFPel\sources\text2D.cpp(43): note: see reference to class template instantiation 'std::vector<glm::vec2,std::allocator<_Ty>>' being compiled
          with
          [
              _Ty=glm::vec2
          ]
C:\Program Files (x86)\Microsoft Visual Studio 14.0\VC\include\cmath(131): warning C4577: 'noexcept' used with no exception handling mode specified; termination on exception is not guaranteed. Specify /EHsc
  CG_UFPel.vcxproj -> F:\Downloads\Aula\CG\saida\..\CG_UFPel\CG_UFPel.exe
