f:\downloads\aula\cg\cg_ufpel\glerror.obj
f:\downloads\aula\cg\cg_ufpel\vboindexer.obj
f:\downloads\aula\cg\cg_ufpel\texture.obj
f:\downloads\aula\cg\cg_ufpel\text2d.obj
f:\downloads\aula\cg\cg_ufpel\tangentspace.obj
f:\downloads\aula\cg\cg_ufpel\shader.obj
f:\downloads\aula\cg\cg_ufpel\quaternion_utils.obj
f:\downloads\aula\cg\cg_ufpel\objloader.obj
f:\downloads\aula\cg\cg_ufpel\main.obj
f:\downloads\aula\cg\cg_ufpel\controls.obj
f:\downloads\aula\cg\cg_ufpel\modelmanager.obj
f:\downloads\aula\cg\cg_ufpel\model.obj
f:\downloads\aula\cg\cg_ufpel\meshsimplification.obj
f:\downloads\aula\cg\cg_ufpel\mesh.obj
f:\downloads\aula\cg\cg_ufpel\camera.obj
f:\downloads\aula\cg\saida\cmakefiles\generate.stamp
f:\downloads\aula\cg\cg_ufpel\cg_ufpel.ilk
f:\downloads\aula\cg\cg_ufpel\cg_ufpel.exe
f:\downloads\aula\cg\cg_ufpel\cg_ufpel.vcxprojresolveassemblyreference.cache
f:\downloads\aula\cg\saida\..\cg_ufpel\cg_ufpel.exe
f:\downloads\aula\cg\cg_ufpel\..\cg_ufpel\cg_ufpel.ilk
f:\downloads\aula\cg\cg_ufpel\cg_ufpel.tlog\cl.command.1.tlog
f:\downloads\aula\cg\cg_ufpel\cg_ufpel.tlog\cl.read.1.tlog
f:\downloads\aula\cg\cg_ufpel\cg_ufpel.tlog\cl.write.1.tlog
f:\downloads\aula\cg\cg_ufpel\cg_ufpel.tlog\custombuild.command.1.tlog
f:\downloads\aula\cg\cg_ufpel\cg_ufpel.tlog\custombuild.read.1.tlog
f:\downloads\aula\cg\cg_ufpel\cg_ufpel.tlog\custombuild.write.1.tlog
f:\downloads\aula\cg\cg_ufpel\cg_ufpel.tlog\link.command.1.tlog
f:\downloads\aula\cg\cg_ufpel\cg_ufpel.tlog\link.read.1.tlog
f:\downloads\aula\cg\cg_ufpel\cg_ufpel.tlog\link.write.1.tlog
