f:\downloads\aula\cg\saida\cg_ufpel.dir\debug\glerror.obj
f:\downloads\aula\cg\saida\cg_ufpel.dir\debug\vboindexer.obj
f:\downloads\aula\cg\saida\cg_ufpel.dir\debug\texture.obj
f:\downloads\aula\cg\saida\cg_ufpel.dir\debug\text2d.obj
f:\downloads\aula\cg\saida\cg_ufpel.dir\debug\tangentspace.obj
f:\downloads\aula\cg\saida\cg_ufpel.dir\debug\shader.obj
f:\downloads\aula\cg\saida\cg_ufpel.dir\debug\quaternion_utils.obj
f:\downloads\aula\cg\saida\cg_ufpel.dir\debug\objloader.obj
f:\downloads\aula\cg\saida\cg_ufpel.dir\debug\main.obj
f:\downloads\aula\cg\saida\cg_ufpel.dir\debug\controls.obj
f:\downloads\aula\cg\saida\cmakefiles\generate.stamp
f:\downloads\aula\cg\saida\debug\cg_ufpel.ilk
f:\downloads\aula\cg\saida\debug\cg_ufpel.exe
f:\downloads\aula\cg\saida\cg_ufpel.dir\debug\cg_ufpel.vcxprojresolveassemblyreference.cache
f:\downloads\aula\cg\saida\cg_ufpel.dir\debug\cg_ufpel.tlog\cl.command.1.tlog
f:\downloads\aula\cg\saida\cg_ufpel.dir\debug\cg_ufpel.tlog\cl.read.1.tlog
f:\downloads\aula\cg\saida\cg_ufpel.dir\debug\cg_ufpel.tlog\cl.write.1.tlog
f:\downloads\aula\cg\saida\cg_ufpel.dir\debug\cg_ufpel.tlog\custombuild.command.1.tlog
f:\downloads\aula\cg\saida\cg_ufpel.dir\debug\cg_ufpel.tlog\custombuild.read.1.tlog
f:\downloads\aula\cg\saida\cg_ufpel.dir\debug\cg_ufpel.tlog\custombuild.write.1.tlog
f:\downloads\aula\cg\saida\cg_ufpel.dir\debug\cg_ufpel.tlog\link.command.1.tlog
f:\downloads\aula\cg\saida\cg_ufpel.dir\debug\cg_ufpel.tlog\link.read.1.tlog
f:\downloads\aula\cg\saida\cg_ufpel.dir\debug\cg_ufpel.tlog\link.write.1.tlog
